<?xml version="1.0" encoding="UTF-8"?>
<!-- Generated by org.testng.reporters.JUnitXMLReporter -->
<testsuite ignored="0" hostname="LAPTOP-6M9JFRC5" failures="0" tests="4" name="Default test" time="0.135" errors="0" timestamp="2022-06-08T22:26:12 IST">
  <testcase classname="test.BasicTestNg" name="HellpWord1" time="0.012"/>
  <testcase classname="test.BasicTestNg" name="CANCEL" time="0.002"/>
  <testcase classname="test.BasicTestNg" name="HellpWord2" time="0.001"/>
  <testcase classname="test.BasicTestNg" name="HellpWord" time="0.002"/>
</testsuite> <!-- Default test -->
